<?xml version="1.0" encoding="UTF-8"?>
<testsuite xmlns:xsi="http://www.w3.org/2001/XMLSchema-instance" xsi:noNamespaceSchemaLocation="https://maven.apache.org/surefire/maven-surefire-plugin/xsd/surefire-test-report-3.0.xsd" version="3.0" name="co.edu.unicauca.mycompany.projects.access.CompanyArraysRepositoryTest" time="0.053" tests="4" errors="0" skipped="0" failures="0">
  <properties>
[...]
</properties>
  <testcase name="testListAll_PorDefecto" classname="co.edu.unicauca.mycompany.projects.access.CompanyArraysRepositoryTest" time="0.027">
    <system-out><![CDATA[Listar el repositorio arrays por defecto
]]></system-out>
  </testcase>
  <testcase name="testSaveCompany_SuccessList" classname="co.edu.unicauca.mycompany.projects.access.CompanyArraysRepositoryTest" time="0.001">
    <system-out><![CDATA[Guardar una compania y validar por repositorio
]]></system-out>
  </testcase>
  <testcase name="testSaveCompany_SuccessReturn" classname="co.edu.unicauca.mycompany.projects.access.CompanyArraysRepositoryTest" time="0.002">
    <system-out><![CDATA[Guardar una compania y validar por el retorno
]]></system-out>
  </testcase>
  <testcase name="testSaveCompany_Failure_ExistNIT" classname="co.edu.unicauca.mycompany.projects.access.CompanyArraysRepositoryTest" time="0.003">
    <system-out><![CDATA[Guardar una compania con un NIT existente
]]></system-out>
  </testcase>
</testsuite>